<?xml version="1.0" encoding="UTF-8"?>
<!-- Generated by org.testng.reporters.JUnitXMLReporter -->
<testsuite hostname="rabahs-MacBook-Pro.local" ignored="0" tests="2" failures="0" timestamp="18 Jun 2019 17:36:10 GMT" time="0.024" errors="0">
  <testcase name="@BeforeMethod setupDriver" time="0.0" classname="base.CommonAPI">
    <failure type="org.testng.TestNGException" message="
Parameter &amp;apos;platform&amp;apos; is required by BeforeMethod on method setupDriver but has not been marked @Optional or defined
">
      <![CDATA[org.testng.TestNGException: 
Parameter 'platform' is required by BeforeMethod on method setupDriver but has not been marked @Optional or defined

... Removed 34 stack frames]]>
    </failure>
  </testcase> <!-- @BeforeMethod setupDriver -->
  <testcase name="@BeforeMethod start" time="0.0" classname="TestHomepage">
    <skipped/>
  </testcase> <!-- @BeforeMethod start -->
  <testcase name="@AfterMethod quitDriver" time="0.0" classname="base.CommonAPI">
    <skipped/>
  </testcase> <!-- @AfterMethod quitDriver -->
  <testcase name="@BeforeMethod setupDriver" time="0.0" classname="base.CommonAPI">
    <skipped/>
  </testcase> <!-- @BeforeMethod setupDriver -->
  <testcase name="@BeforeMethod start" time="0.0" classname="TestHomepage">
    <skipped/>
  </testcase> <!-- @BeforeMethod start -->
  <testcase name="@AfterMethod quitDriver" time="0.0" classname="base.CommonAPI">
    <skipped/>
  </testcase> <!-- @AfterMethod quitDriver -->
  <testcase name="clickaccont" time="0.0" classname="TestHomepage">
    <skipped/>
  </testcase> <!-- clickaccont -->
  <testcase name="search" time="0.0" classname="TestHomepage">
    <skipped/>
  </testcase> <!-- search -->
</testsuite>
